This is XeTeX, Version 3.141592653-2.6-0.999996 (TeX Live 2024) (preloaded format=xelatex 2025.1.27)  25 FEB 2025 21:07
entering extended mode
 restricted \write18 enabled.
 %&-line parsing enabled.
**playstyle_ms.tex
(./playstyle_ms.tex
LaTeX2e <2023-11-01> patch level 1
L3 programming layer <2024-02-20>

! LaTeX Error: File `apa7.cls' not found.

Type X to quit or <RETURN> to proceed,
or enter new name. (Default extension: cls)

Enter file name: 
! Emergency stop.
<read *> 
         
l.8 ^^M
        
Here is how much of TeX's memory you used:
 20 strings out of 476290
 381 string characters out of 5789828
 1917839 words of memory out of 5000000
 22184 multiletter control sequences out of 15000+600000
 558069 words of font info for 36 fonts, out of 8000000 for 9000
 319 hyphenation exceptions out of 8191
 19i,0n,29p,87b,17s stack positions out of 10000i,1000n,20000p,200000b,200000s

No pages of output.
